<?xml version="1.0" encoding="UTF-8"?>
<testng-results skipped="0" failed="1" ignored="0" total="1" passed="0">
  <reporter-output>
  </reporter-output>
  <suite name="Default suite" duration-ms="476160" started-at="2020-12-08T11:34:00Z" finished-at="2020-12-08T11:41:56Z">
    <groups>
    </groups>
    <test name="Default test" duration-ms="476160" started-at="2020-12-08T11:34:00Z" finished-at="2020-12-08T11:41:56Z">
      <class name="com.draftkings.tests.DKC5276579">
        <test-method status="PASS" signature="beforeMethod()[pri:0, instance:com.draftkings.tests.DKC5276579@1176dcec]" name="beforeMethod" is-config="true" duration-ms="10783" started-at="2020-12-08T11:34:02Z" finished-at="2020-12-08T11:34:13Z">
          <reporter-output>
          </reporter-output>
        </test-method> <!-- beforeMethod -->
        <test-method status="FAIL" signature="C5276579(java.util.HashMap, java.lang.reflect.Method)[pri:0, instance:com.draftkings.tests.DKC5276579@1176dcec]" name="C5276579" duration-ms="454674" started-at="2020-12-08T11:34:13Z" description="Existing non-Upregged user Login" data-provider="getExcelTestData" finished-at="2020-12-08T11:41:47Z">
          <params>
            <param index="0">
              <value>
                <![CDATA[{CVV=123, SSNNumber=2017, Email=dktest2019@gmail.com, CCard=4242424242424242, Address=Street one Second Right, ZipCode=71011, Address1=11 Lee Street, City=Hoboken, Date=4, Month=April, MobileNumber=9123456789, Year=1980, ExpDate=1223, State=Alaska, FullName=JACKY, LastName=SMITH, Day=10, Password=dell@123}]]>
              </value>
            </param>
            <param index="1">
              <value>
                <![CDATA[public void com.draftkings.tests.DKC5276579.C5276579(java.util.HashMap,java.lang.reflect.Method)]]>
              </value>
            </param>
          </params>
          <exception class="java.lang.AssertionError">
            <message>
              <![CDATA[no such element: Unable to locate element: {"method":"xpath","selector":"//div[@id='dkjs-global-header']//header/div/div[2]/descendant::nav[1]/following-sibling::div/child::div[1]/child::span[1]"}
  (Session info: chrome=87.0.4280.88)
  (Driver info: chromedriver=2.43.600210 (68dcf5eebde37173d4027fa8635e332711d2874a),platform=Windows NT 10.0.18363 x86_64) (WARNING: The server did not provide any stacktrace information)
Command duration or timeout: 10.03 seconds
For documentation on this error, please visit: http://seleniumhq.org/exceptions/no_such_element.html
Build info: version: '3.4.0', revision: 'unknown', time: 'unknown'
System info: host: 'DESKTOP-L2VSR9A', ip: '172.27.229.6', os.name: 'Windows 10', os.arch: 'amd64', os.version: '10.0', java.version: '1.8.0_191'
Driver info: org.openqa.selenium.chrome.ChromeDriver
Capabilities [{mobileEmulationEnabled=false, hasTouchScreen=false, platform=XP, acceptSslCerts=false, goog:chromeOptions={debuggerAddress=localhost:52904}, acceptInsecureCerts=false, webStorageEnabled=true, browserName=chrome, takesScreenshot=true, javascriptEnabled=true, setWindowRect=true, unexpectedAlertBehaviour=, applicationCacheEnabled=false, rotatable=false, networkConnectionEnabled=false, chrome={chromedriverVersion=2.43.600210 (68dcf5eebde37173d4027fa8635e332711d2874a), userDataDir=C:\Users\Testing\AppData\Local\Temp\scoped_dir2116_23654}, takesHeapSnapshot=true, pageLoadStrategy=normal, databaseEnabled=false, handlesAlerts=true, version=87.0.4280.88, browserConnectionEnabled=false, nativeEvents=true, locationContextEnabled=true, cssSelectorsEnabled=true}]
Session ID: 1fb764a381291245b8b115e90bc87014
*** Element info: {Using=xpath, value=//div[@id='dkjs-global-header']//header/div/div[2]/descendant::nav[1]/following-sibling::div/child::div[1]/child::span[1]}]]>
            </message>
            <full-stacktrace>
              <![CDATA[java.lang.AssertionError: no such element: Unable to locate element: {"method":"xpath","selector":"//div[@id='dkjs-global-header']//header/div/div[2]/descendant::nav[1]/following-sibling::div/child::div[1]/child::span[1]"}
  (Session info: chrome=87.0.4280.88)
  (Driver info: chromedriver=2.43.600210 (68dcf5eebde37173d4027fa8635e332711d2874a),platform=Windows NT 10.0.18363 x86_64) (WARNING: The server did not provide any stacktrace information)
Command duration or timeout: 10.03 seconds
For documentation on this error, please visit: http://seleniumhq.org/exceptions/no_such_element.html
Build info: version: '3.4.0', revision: 'unknown', time: 'unknown'
System info: host: 'DESKTOP-L2VSR9A', ip: '172.27.229.6', os.name: 'Windows 10', os.arch: 'amd64', os.version: '10.0', java.version: '1.8.0_191'
Driver info: org.openqa.selenium.chrome.ChromeDriver
Capabilities [{mobileEmulationEnabled=false, hasTouchScreen=false, platform=XP, acceptSslCerts=false, goog:chromeOptions={debuggerAddress=localhost:52904}, acceptInsecureCerts=false, webStorageEnabled=true, browserName=chrome, takesScreenshot=true, javascriptEnabled=true, setWindowRect=true, unexpectedAlertBehaviour=, applicationCacheEnabled=false, rotatable=false, networkConnectionEnabled=false, chrome={chromedriverVersion=2.43.600210 (68dcf5eebde37173d4027fa8635e332711d2874a), userDataDir=C:\Users\Testing\AppData\Local\Temp\scoped_dir2116_23654}, takesHeapSnapshot=true, pageLoadStrategy=normal, databaseEnabled=false, handlesAlerts=true, version=87.0.4280.88, browserConnectionEnabled=false, nativeEvents=true, locationContextEnabled=true, cssSelectorsEnabled=true}]
Session ID: 1fb764a381291245b8b115e90bc87014
*** Element info: {Using=xpath, value=//div[@id='dkjs-global-header']//header/div/div[2]/descendant::nav[1]/following-sibling::div/child::div[1]/child::span[1]}
at org.testng.Assert.fail(Assert.java:96)
at com.draftkings.tests.DKC5276579.C5276579(DKC5276579.java:41)
at sun.reflect.NativeMethodAccessorImpl.invoke0(Native Method)
at sun.reflect.NativeMethodAccessorImpl.invoke(Unknown Source)
at sun.reflect.DelegatingMethodAccessorImpl.invoke(Unknown Source)
at java.lang.reflect.Method.invoke(Unknown Source)
at org.testng.internal.MethodInvocationHelper.invokeMethod(MethodInvocationHelper.java:124)
at org.testng.internal.Invoker.invokeMethod(Invoker.java:583)
at org.testng.internal.Invoker.invokeTestMethod(Invoker.java:719)
at org.testng.internal.Invoker.invokeTestMethods(Invoker.java:989)
at org.testng.internal.TestMethodWorker.invokeTestMethods(TestMethodWorker.java:125)
at org.testng.internal.TestMethodWorker.run(TestMethodWorker.java:109)
at org.testng.TestRunner.privateRun(TestRunner.java:648)
at org.testng.TestRunner.run(TestRunner.java:505)
at org.testng.SuiteRunner.runTest(SuiteRunner.java:455)
at org.testng.SuiteRunner.runSequentially(SuiteRunner.java:450)
at org.testng.SuiteRunner.privateRun(SuiteRunner.java:415)
at org.testng.SuiteRunner.run(SuiteRunner.java:364)
at org.testng.SuiteRunnerWorker.runSuite(SuiteRunnerWorker.java:52)
at org.testng.SuiteRunnerWorker.run(SuiteRunnerWorker.java:84)
at org.testng.TestNG.runSuitesSequentially(TestNG.java:1208)
at org.testng.TestNG.runSuitesLocally(TestNG.java:1137)
at org.testng.TestNG.runSuites(TestNG.java:1049)
at org.testng.TestNG.run(TestNG.java:1017)
at org.testng.remote.AbstractRemoteTestNG.run(AbstractRemoteTestNG.java:115)
at org.testng.remote.RemoteTestNG.initAndRun(RemoteTestNG.java:251)
at org.testng.remote.RemoteTestNG.main(RemoteTestNG.java:77)
]]>
            </full-stacktrace>
          </exception> <!-- java.lang.AssertionError -->
          <reporter-output>
          </reporter-output>
        </test-method> <!-- C5276579 -->
        <test-method status="PASS" signature="afterMethod()[pri:0, instance:com.draftkings.tests.DKC5276579@1176dcec]" name="afterMethod" is-config="true" duration-ms="3180" started-at="2020-12-08T11:41:53Z" finished-at="2020-12-08T11:41:56Z">
          <reporter-output>
          </reporter-output>
        </test-method> <!-- afterMethod -->
      </class> <!-- com.draftkings.tests.DKC5276579 -->
    </test> <!-- Default test -->
  </suite> <!-- Default suite -->
</testng-results>
